<?xml version="1.0" encoding="UTF-8"?>
<testng-results skipped="0" failed="0" ignored="0" total="1" passed="1">
  <reporter-output>
  </reporter-output>
  <suite name="Default suite" duration-ms="9854" started-at="2023-03-01T08:33:11Z" finished-at="2023-03-01T08:33:21Z">
    <groups>
    </groups>
    <test name="Default test" duration-ms="9854" started-at="2023-03-01T08:33:11Z" finished-at="2023-03-01T08:33:21Z">
      <class name="com.obsqura.samples.Uitest">
        <test-method status="PASS" signature="browserOpen()[pri:0, instance:com.obsqura.samples.Uitest@25bbe1b6]" name="browserOpen" is-config="true" duration-ms="9263" started-at="2023-03-01T14:03:11Z" finished-at="2023-03-01T14:03:20Z">
          <reporter-output>
          </reporter-output>
        </test-method> <!-- browserOpen -->
        <test-method status="PASS" signature="applicationForm()[pri:0, instance:com.obsqura.samples.Uitest@25bbe1b6]" name="applicationForm" duration-ms="562" started-at="2023-03-01T14:03:20Z" finished-at="2023-03-01T14:03:21Z">
          <reporter-output>
          </reporter-output>
        </test-method> <!-- applicationForm -->
      </class> <!-- com.obsqura.samples.Uitest -->
    </test> <!-- Default test -->
  </suite> <!-- Default suite -->
</testng-results>
